android/app/build/outputs/mapping/release/mapping.txt
# compiler: R8
# compiler_version: 1.4.94
# min_api: 16
com.radical.MainActivity -> com.radical.MainActivity:
    com.facebook.react.ReactActivityDelegate createReactActivityDelegate() -> m
    java.lang.String getMainComponentName() -> n
com.radical.MainActivity$1 -> com.radical.a:
    com.radical.MainActivity this$0 -> g
    com.facebook.react.ReactRootView createRootView() -> a
com.radical.MainApplication -> com.radical.MainApplication:
    com.facebook.react.ReactNativeHost mReactNativeHost -> a
    com.facebook.react.ReactNativeHost getReactNativeHost() -> a
com.radical.MainApplication$1 -> com.radical.b:
    com.radical.MainApplication this$0 -> c
    java.lang.String getJSMainModuleName() -> e
    java.util.List getPackages() -> g
    boolean getUseDeveloperSupport() -> k
...
androidx.vectordrawable.graphics.drawable.VectorDrawableCompat$1 -> a.l.a.a.j:
androidx.vectordrawable.graphics.drawable.VectorDrawableCompat$VClipPath -> a.l.a.a.k$a:
    void inflate(android.content.res.Resources,android.util.AttributeSet,android.content.res.Resources$Theme,org.xmlpull.v1.XmlPullParser) -> a
    void updateStateFromTypedArray(android.content.res.TypedArray) -> a
    boolean isClipPath() -> b
androidx.vectordrawable.graphics.drawable.VectorDrawableCompat$VFullPath -> a.l.a.a.k$b:
    float mTrimPathEnd -> l
    float mTrimPathStart -> k
    float mFillAlpha -> j
    android.graphics.Paint$Cap mStrokeLineCap -> n
    float mStrokeAlpha -> h
    float mStrokeWidth -> f
    int mFillRule -> i
    android.graphics.Paint$Join mStrokeLineJoin -> o
    int[] mThemeAttrs -> d
    androidx.core.content.res.ComplexColorCompat mFillColor -> g
    float mStrokeMiterlimit -> p
    androidx.core.content.res.ComplexColorCompat mStrokeColor -> e
    float mTrimPathOffset -> m
    android.graphics.Paint$Cap getStrokeLineCap(int,android.graphics.Paint$Cap) -> a
    android.graphics.Paint$Join getStrokeLineJoin(int,android.graphics.Paint$Join) -> a
    void inflate(android.content.res.Resources,android.util.AttributeSet,android.content.res.Resources$Theme,org.xmlpull.v1.XmlPullParser) -> a
    boolean isStateful() -> a
    boolean onStateChanged(int[]) -> a
    void updateStateFromTypedArray(android.content.res.TypedArray,org.xmlpull.v1.XmlPullParser,android.content.res.Resources$Theme) -> a
androidx.vectordrawable.graphics.drawable.VectorDrawableCompat$VGroup -> a.l.a.a.k$c:
    android.graphics.Matrix mLocalMatrix -> j
    float mTranslateY -> i
    float mTranslateX -> h
    float mScaleY -> g
    int mChangingConfigurations -> k
    float mScaleX -> f
    java.lang.String mGroupName -> m
    float mPivotY -> e
    float mPivotX -> d
    float mRotate -> c
    java.util.ArrayList mChildren -> b
    android.graphics.Matrix mStackedMatrix -> a
    int[] mThemeAttrs -> l
    void inflate(android.content.res.Resources,android.util.AttributeSet,android.content.res.Resources$Theme,org.xmlpull.v1.XmlPullParser) -> a
    boolean isStateful() -> a
    boolean onStateChanged(int[]) -> a
    void updateStateFromTypedArray(android.content.res.TypedArray,org.xmlpull.v1.XmlPullParser) -> a
    void updateLocalMatrix() -> b
androidx.vectordrawable.graphics.drawable.VectorDrawableCompat$VObject -> a.l.a.a.k$d:
    boolean isStateful() -> a
    boolean onStateChanged(int[]) -> a
androidx.vectordrawable.graphics.drawable.VectorDrawableCompat$VPath -> a.l.a.a.k$e:
    androidx.core.graphics.PathParser$PathDataNode[] mNodes -> a
    java.lang.String mPathName -> b
    int mChangingConfigurations -> c
    void toPath(android.graphics.Path) -> a
    boolean isClipPath() -> b